{"C:\\Users\\mnayebare\\Desktop\\Andela-slf\\docs\\cardsforhumanity\\app\\controllers\\answers.js": {"path":"C:\\Users\\mnayebare\\Desktop\\Andela-slf\\docs\\cardsforhumanity\\app\\controllers\\answers.js","statementMap":{"0":{"start":{"line":4,"column":15},"end":{"line":4,"column":34}},"1":{"start":{"line":5,"column":12},"end":{"line":5,"column":28}},"2":{"start":{"line":6,"column":13},"end":{"line":6,"column":37}},"3":{"start":{"line":7,"column":8},"end":{"line":7,"column":29}},"4":{"start":{"line":13,"column":0},"end":{"line":20,"column":2}},"5":{"start":{"line":14,"column":4},"end":{"line":19,"column":7}},"6":{"start":{"line":15,"column":8},"end":{"line":15,"column":34}},"7":{"start":{"line":15,"column":17},"end":{"line":15,"column":34}},"8":{"start":{"line":16,"column":8},"end":{"line":16,"column":75}},"9":{"start":{"line":16,"column":21},"end":{"line":16,"column":75}},"10":{"start":{"line":17,"column":8},"end":{"line":17,"column":28}},"11":{"start":{"line":18,"column":8},"end":{"line":18,"column":15}},"12":{"start":{"line":25,"column":0},"end":{"line":27,"column":2}},"13":{"start":{"line":26,"column":4},"end":{"line":26,"column":26}},"14":{"start":{"line":32,"column":0},"end":{"line":42,"column":2}},"15":{"start":{"line":33,"column":4},"end":{"line":41,"column":7}},"16":{"start":{"line":34,"column":8},"end":{"line":40,"column":9}},"17":{"start":{"line":35,"column":12},"end":{"line":37,"column":15}},"18":{"start":{"line":39,"column":12},"end":{"line":39,"column":31}},"19":{"start":{"line":47,"column":0},"end":{"line":55,"column":2}},"20":{"start":{"line":48,"column":4},"end":{"line":54,"column":7}},"21":{"start":{"line":49,"column":8},"end":{"line":53,"column":9}},"22":{"start":{"line":50,"column":12},"end":{"line":50,"column":29}},"23":{"start":{"line":52,"column":12},"end":{"line":52,"column":24}}},"fnMap":{"0":{"name":"(anonymous_0)","decl":{"start":{"line":13,"column":17},"end":{"line":13,"column":18}},"loc":{"start":{"line":13,"column":46},"end":{"line":20,"column":1}},"line":13},"1":{"name":"(anonymous_1)","decl":{"start":{"line":14,"column":20},"end":{"line":14,"column":21}},"loc":{"start":{"line":14,"column":42},"end":{"line":19,"column":5}},"line":14},"2":{"name":"(anonymous_2)","decl":{"start":{"line":25,"column":15},"end":{"line":25,"column":16}},"loc":{"start":{"line":25,"column":34},"end":{"line":27,"column":1}},"line":25},"3":{"name":"(anonymous_3)","decl":{"start":{"line":32,"column":14},"end":{"line":32,"column":15}},"loc":{"start":{"line":32,"column":33},"end":{"line":42,"column":1}},"line":32},"4":{"name":"(anonymous_4)","decl":{"start":{"line":33,"column":53},"end":{"line":33,"column":54}},"loc":{"start":{"line":33,"column":76},"end":{"line":41,"column":5}},"line":33},"5":{"name":"(anonymous_5)","decl":{"start":{"line":47,"column":28},"end":{"line":47,"column":29}},"loc":{"start":{"line":47,"column":41},"end":{"line":55,"column":1}},"line":47},"6":{"name":"(anonymous_6)","decl":{"start":{"line":48,"column":53},"end":{"line":48,"column":54}},"loc":{"start":{"line":48,"column":76},"end":{"line":54,"column":5}},"line":48}},"branchMap":{"0":{"loc":{"start":{"line":15,"column":8},"end":{"line":15,"column":34}},"type":"if","locations":[{"start":{"line":15,"column":8},"end":{"line":15,"column":34}},{"start":{"line":15,"column":8},"end":{"line":15,"column":34}}],"line":15},"1":{"loc":{"start":{"line":16,"column":8},"end":{"line":16,"column":75}},"type":"if","locations":[{"start":{"line":16,"column":8},"end":{"line":16,"column":75}},{"start":{"line":16,"column":8},"end":{"line":16,"column":75}}],"line":16},"2":{"loc":{"start":{"line":34,"column":8},"end":{"line":40,"column":9}},"type":"if","locations":[{"start":{"line":34,"column":8},"end":{"line":40,"column":9}},{"start":{"line":34,"column":8},"end":{"line":40,"column":9}}],"line":34},"3":{"loc":{"start":{"line":49,"column":8},"end":{"line":53,"column":9}},"type":"if","locations":[{"start":{"line":49,"column":8},"end":{"line":53,"column":9}},{"start":{"line":49,"column":8},"end":{"line":53,"column":9}}],"line":49}},"s":{"0":1,"1":1,"2":1,"3":1,"4":1,"5":0,"6":0,"7":0,"8":0,"9":0,"10":0,"11":0,"12":1,"13":0,"14":1,"15":0,"16":0,"17":0,"18":0,"19":1,"20":0,"21":0,"22":0,"23":0},"f":{"0":0,"1":0,"2":0,"3":0,"4":0,"5":0,"6":0},"b":{"0":[0,0],"1":[0,0],"2":[0,0],"3":[0,0]},"_coverageSchema":"43e27e138ebf9cfc5966b082cf9a028302ed4184","hash":"1f9307290e71989575f688f34d526a3fd0acbcd3"}
,"C:\\Users\\mnayebare\\Desktop\\Andela-slf\\docs\\cardsforhumanity\\app\\controllers\\avatars.js": {"path":"C:\\Users\\mnayebare\\Desktop\\Andela-slf\\docs\\cardsforhumanity\\app\\controllers\\avatars.js","statementMap":{"0":{"start":{"line":4,"column":0},"end":{"line":19,"column":34}},"1":{"start":{"line":21,"column":0},"end":{"line":25,"column":2}},"2":{"start":{"line":24,"column":2},"end":{"line":24,"column":33}},"3":{"start":{"line":27,"column":0},"end":{"line":29,"column":2}},"4":{"start":{"line":28,"column":2},"end":{"line":28,"column":17}}},"fnMap":{"0":{"name":"(anonymous_0)","decl":{"start":{"line":21,"column":18},"end":{"line":21,"column":19}},"loc":{"start":{"line":21,"column":37},"end":{"line":25,"column":1}},"line":21},"1":{"name":"(anonymous_1)","decl":{"start":{"line":27,"column":14},"end":{"line":27,"column":15}},"loc":{"start":{"line":27,"column":25},"end":{"line":29,"column":1}},"line":27}},"branchMap":{},"s":{"0":1,"1":1,"2":0,"3":1,"4":2},"f":{"0":0,"1":2},"b":{},"_coverageSchema":"43e27e138ebf9cfc5966b082cf9a028302ed4184","hash":"2a830e48c69e12bffb28d9c5c7007a6ed566eb3a"}
,"C:\\Users\\mnayebare\\Desktop\\Andela-slf\\docs\\cardsforhumanity\\app\\controllers\\index.js": {"path":"C:\\Users\\mnayebare\\Desktop\\Andela-slf\\docs\\cardsforhumanity\\app\\controllers\\index.js","statementMap":{"0":{"start":{"line":4,"column":15},"end":{"line":4,"column":34}},"1":{"start":{"line":5,"column":12},"end":{"line":5,"column":28}},"2":{"start":{"line":6,"column":8},"end":{"line":6,"column":29}},"3":{"start":{"line":11,"column":0},"end":{"line":17,"column":2}},"4":{"start":{"line":12,"column":2},"end":{"line":16,"column":3}},"5":{"start":{"line":13,"column":4},"end":{"line":13,"column":35}},"6":{"start":{"line":15,"column":4},"end":{"line":15,"column":28}},"7":{"start":{"line":19,"column":0},"end":{"line":23,"column":2}},"8":{"start":{"line":20,"column":4},"end":{"line":22,"column":7}}},"fnMap":{"0":{"name":"(anonymous_0)","decl":{"start":{"line":11,"column":15},"end":{"line":11,"column":16}},"loc":{"start":{"line":11,"column":34},"end":{"line":17,"column":1}},"line":11},"1":{"name":"(anonymous_1)","decl":{"start":{"line":19,"column":17},"end":{"line":19,"column":18}},"loc":{"start":{"line":19,"column":36},"end":{"line":23,"column":1}},"line":19}},"branchMap":{"0":{"loc":{"start":{"line":12,"column":2},"end":{"line":16,"column":3}},"type":"if","locations":[{"start":{"line":12,"column":2},"end":{"line":16,"column":3}},{"start":{"line":12,"column":2},"end":{"line":16,"column":3}}],"line":12},"1":{"loc":{"start":{"line":21,"column":14},"end":{"line":21,"column":58}},"type":"cond-expr","locations":[{"start":{"line":21,"column":25},"end":{"line":21,"column":49}},{"start":{"line":21,"column":52},"end":{"line":21,"column":58}}],"line":21}},"s":{"0":1,"1":1,"2":1,"3":1,"4":0,"5":0,"6":0,"7":1,"8":0},"f":{"0":0,"1":0},"b":{"0":[0,0],"1":[0,0]},"_coverageSchema":"43e27e138ebf9cfc5966b082cf9a028302ed4184","hash":"4c360f8cd8965873f1bb827f99463aeddd602f93"}
,"C:\\Users\\mnayebare\\Desktop\\Andela-slf\\docs\\cardsforhumanity\\app\\controllers\\questions.js": {"path":"C:\\Users\\mnayebare\\Desktop\\Andela-slf\\docs\\cardsforhumanity\\app\\controllers\\questions.js","statementMap":{"0":{"start":{"line":4,"column":15},"end":{"line":4,"column":34}},"1":{"start":{"line":5,"column":12},"end":{"line":5,"column":28}},"2":{"start":{"line":6,"column":15},"end":{"line":6,"column":41}},"3":{"start":{"line":7,"column":8},"end":{"line":7,"column":29}},"4":{"start":{"line":13,"column":0},"end":{"line":20,"column":2}},"5":{"start":{"line":14,"column":4},"end":{"line":19,"column":7}},"6":{"start":{"line":15,"column":8},"end":{"line":15,"column":34}},"7":{"start":{"line":15,"column":17},"end":{"line":15,"column":34}},"8":{"start":{"line":16,"column":8},"end":{"line":16,"column":79}},"9":{"start":{"line":16,"column":23},"end":{"line":16,"column":79}},"10":{"start":{"line":17,"column":8},"end":{"line":17,"column":32}},"11":{"start":{"line":18,"column":8},"end":{"line":18,"column":15}},"12":{"start":{"line":25,"column":0},"end":{"line":27,"column":2}},"13":{"start":{"line":26,"column":4},"end":{"line":26,"column":28}},"14":{"start":{"line":32,"column":0},"end":{"line":42,"column":2}},"15":{"start":{"line":33,"column":4},"end":{"line":41,"column":7}},"16":{"start":{"line":34,"column":8},"end":{"line":40,"column":9}},"17":{"start":{"line":35,"column":12},"end":{"line":37,"column":15}},"18":{"start":{"line":39,"column":12},"end":{"line":39,"column":33}},"19":{"start":{"line":47,"column":0},"end":{"line":55,"column":2}},"20":{"start":{"line":48,"column":4},"end":{"line":54,"column":7}},"21":{"start":{"line":49,"column":8},"end":{"line":53,"column":9}},"22":{"start":{"line":50,"column":12},"end":{"line":50,"column":29}},"23":{"start":{"line":52,"column":12},"end":{"line":52,"column":26}}},"fnMap":{"0":{"name":"(anonymous_0)","decl":{"start":{"line":13,"column":19},"end":{"line":13,"column":20}},"loc":{"start":{"line":13,"column":48},"end":{"line":20,"column":1}},"line":13},"1":{"name":"(anonymous_1)","decl":{"start":{"line":14,"column":22},"end":{"line":14,"column":23}},"loc":{"start":{"line":14,"column":46},"end":{"line":19,"column":5}},"line":14},"2":{"name":"(anonymous_2)","decl":{"start":{"line":25,"column":15},"end":{"line":25,"column":16}},"loc":{"start":{"line":25,"column":34},"end":{"line":27,"column":1}},"line":25},"3":{"name":"(anonymous_3)","decl":{"start":{"line":32,"column":14},"end":{"line":32,"column":15}},"loc":{"start":{"line":32,"column":33},"end":{"line":42,"column":1}},"line":32},"4":{"name":"(anonymous_4)","decl":{"start":{"line":33,"column":78},"end":{"line":33,"column":79}},"loc":{"start":{"line":33,"column":103},"end":{"line":41,"column":5}},"line":33},"5":{"name":"(anonymous_5)","decl":{"start":{"line":47,"column":30},"end":{"line":47,"column":31}},"loc":{"start":{"line":47,"column":43},"end":{"line":55,"column":1}},"line":47},"6":{"name":"(anonymous_6)","decl":{"start":{"line":48,"column":78},"end":{"line":48,"column":79}},"loc":{"start":{"line":48,"column":103},"end":{"line":54,"column":5}},"line":48}},"branchMap":{"0":{"loc":{"start":{"line":15,"column":8},"end":{"line":15,"column":34}},"type":"if","locations":[{"start":{"line":15,"column":8},"end":{"line":15,"column":34}},{"start":{"line":15,"column":8},"end":{"line":15,"column":34}}],"line":15},"1":{"loc":{"start":{"line":16,"column":8},"end":{"line":16,"column":79}},"type":"if","locations":[{"start":{"line":16,"column":8},"end":{"line":16,"column":79}},{"start":{"line":16,"column":8},"end":{"line":16,"column":79}}],"line":16},"2":{"loc":{"start":{"line":34,"column":8},"end":{"line":40,"column":9}},"type":"if","locations":[{"start":{"line":34,"column":8},"end":{"line":40,"column":9}},{"start":{"line":34,"column":8},"end":{"line":40,"column":9}}],"line":34},"3":{"loc":{"start":{"line":49,"column":8},"end":{"line":53,"column":9}},"type":"if","locations":[{"start":{"line":49,"column":8},"end":{"line":53,"column":9}},{"start":{"line":49,"column":8},"end":{"line":53,"column":9}}],"line":49}},"s":{"0":1,"1":1,"2":1,"3":1,"4":1,"5":0,"6":0,"7":0,"8":0,"9":0,"10":0,"11":0,"12":1,"13":0,"14":1,"15":0,"16":0,"17":0,"18":0,"19":1,"20":0,"21":0,"22":0,"23":0},"f":{"0":0,"1":0,"2":0,"3":0,"4":0,"5":0,"6":0},"b":{"0":[0,0],"1":[0,0],"2":[0,0],"3":[0,0]},"_coverageSchema":"43e27e138ebf9cfc5966b082cf9a028302ed4184","hash":"d2ffccf2d748889e48ca2af6371733d4a1742163"}
,"C:\\Users\\mnayebare\\Desktop\\Andela-slf\\docs\\cardsforhumanity\\app\\controllers\\users.js": {"path":"C:\\Users\\mnayebare\\Desktop\\Andela-slf\\docs\\cardsforhumanity\\app\\controllers\\users.js","statementMap":{"0":{"start":{"line":4,"column":15},"end":{"line":4,"column":34}},"1":{"start":{"line":5,"column":9},"end":{"line":5,"column":31}},"2":{"start":{"line":6,"column":14},"end":{"line":6,"column":40}},"3":{"start":{"line":11,"column":0},"end":{"line":13,"column":2}},"4":{"start":{"line":12,"column":2},"end":{"line":12,"column":33}},"5":{"start":{"line":18,"column":0},"end":{"line":24,"column":2}},"6":{"start":{"line":19,"column":2},"end":{"line":23,"column":3}},"7":{"start":{"line":20,"column":4},"end":{"line":20,"column":45}},"8":{"start":{"line":22,"column":4},"end":{"line":22,"column":28}},"9":{"start":{"line":29,"column":0},"end":{"line":35,"column":2}},"10":{"start":{"line":30,"column":2},"end":{"line":34,"column":3}},"11":{"start":{"line":31,"column":4},"end":{"line":31,"column":31}},"12":{"start":{"line":33,"column":4},"end":{"line":33,"column":28}},"13":{"start":{"line":40,"column":0},"end":{"line":43,"column":2}},"14":{"start":{"line":41,"column":2},"end":{"line":41,"column":15}},"15":{"start":{"line":42,"column":2},"end":{"line":42,"column":20}},"16":{"start":{"line":48,"column":0},"end":{"line":50,"column":2}},"17":{"start":{"line":49,"column":2},"end":{"line":49,"column":20}},"18":{"start":{"line":57,"column":0},"end":{"line":74,"column":2}},"19":{"start":{"line":58,"column":2},"end":{"line":72,"column":3}},"20":{"start":{"line":59,"column":4},"end":{"line":68,"column":7}},"21":{"start":{"line":63,"column":6},"end":{"line":67,"column":7}},"22":{"start":{"line":64,"column":8},"end":{"line":64,"column":29}},"23":{"start":{"line":66,"column":8},"end":{"line":66,"column":42}},"24":{"start":{"line":71,"column":4},"end":{"line":71,"column":22}},"25":{"start":{"line":79,"column":0},"end":{"line":108,"column":2}},"26":{"start":{"line":80,"column":2},"end":{"line":107,"column":3}},"27":{"start":{"line":81,"column":4},"end":{"line":104,"column":7}},"28":{"start":{"line":84,"column":6},"end":{"line":103,"column":7}},"29":{"start":{"line":85,"column":19},"end":{"line":85,"column":37}},"30":{"start":{"line":87,"column":8},"end":{"line":87,"column":43}},"31":{"start":{"line":88,"column":8},"end":{"line":88,"column":32}},"32":{"start":{"line":89,"column":8},"end":{"line":100,"column":11}},"33":{"start":{"line":90,"column":10},"end":{"line":95,"column":11}},"34":{"start":{"line":91,"column":12},"end":{"line":94,"column":15}},"35":{"start":{"line":96,"column":10},"end":{"line":99,"column":13}},"36":{"start":{"line":97,"column":12},"end":{"line":97,"column":38}},"37":{"start":{"line":97,"column":21},"end":{"line":97,"column":38}},"38":{"start":{"line":98,"column":12},"end":{"line":98,"column":40}},"39":{"start":{"line":102,"column":8},"end":{"line":102,"column":61}},"40":{"start":{"line":106,"column":4},"end":{"line":106,"column":55}},"41":{"start":{"line":113,"column":0},"end":{"line":126,"column":2}},"42":{"start":{"line":115,"column":2},"end":{"line":124,"column":3}},"43":{"start":{"line":117,"column":4},"end":{"line":123,"column":7}},"44":{"start":{"line":121,"column":6},"end":{"line":121,"column":45}},"45":{"start":{"line":122,"column":6},"end":{"line":122,"column":18}},"46":{"start":{"line":125,"column":2},"end":{"line":125,"column":33}},"47":{"start":{"line":128,"column":0},"end":{"line":153,"column":2}},"48":{"start":{"line":129,"column":2},"end":{"line":151,"column":3}},"49":{"start":{"line":131,"column":4},"end":{"line":150,"column":5}},"50":{"start":{"line":132,"column":6},"end":{"line":149,"column":9}},"51":{"start":{"line":137,"column":24},"end":{"line":137,"column":29}},"52":{"start":{"line":138,"column":8},"end":{"line":142,"column":9}},"53":{"start":{"line":138,"column":21},"end":{"line":138,"column":22}},"54":{"start":{"line":139,"column":10},"end":{"line":141,"column":11}},"55":{"start":{"line":140,"column":12},"end":{"line":140,"column":29}},"56":{"start":{"line":143,"column":8},"end":{"line":148,"column":9}},"57":{"start":{"line":144,"column":10},"end":{"line":144,"column":44}},"58":{"start":{"line":145,"column":10},"end":{"line":145,"column":40}},"59":{"start":{"line":146,"column":10},"end":{"line":146,"column":27}},"60":{"start":{"line":147,"column":10},"end":{"line":147,"column":22}},"61":{"start":{"line":152,"column":2},"end":{"line":152,"column":13}},"62":{"start":{"line":158,"column":0},"end":{"line":165,"column":2}},"63":{"start":{"line":159,"column":13},"end":{"line":159,"column":24}},"64":{"start":{"line":161,"column":2},"end":{"line":164,"column":5}},"65":{"start":{"line":170,"column":0},"end":{"line":172,"column":2}},"66":{"start":{"line":171,"column":2},"end":{"line":171,"column":30}},"67":{"start":{"line":177,"column":0},"end":{"line":188,"column":2}},"68":{"start":{"line":178,"column":2},"end":{"line":187,"column":7}},"69":{"start":{"line":183,"column":6},"end":{"line":183,"column":32}},"70":{"start":{"line":183,"column":15},"end":{"line":183,"column":32}},"71":{"start":{"line":184,"column":6},"end":{"line":184,"column":69}},"72":{"start":{"line":184,"column":17},"end":{"line":184,"column":69}},"73":{"start":{"line":185,"column":6},"end":{"line":185,"column":25}},"74":{"start":{"line":186,"column":6},"end":{"line":186,"column":13}}},"fnMap":{"0":{"name":"(anonymous_0)","decl":{"start":{"line":11,"column":23},"end":{"line":11,"column":24}},"loc":{"start":{"line":11,"column":48},"end":{"line":13,"column":1}},"line":11},"1":{"name":"(anonymous_1)","decl":{"start":{"line":18,"column":17},"end":{"line":18,"column":18}},"loc":{"start":{"line":18,"column":36},"end":{"line":24,"column":1}},"line":18},"2":{"name":"(anonymous_2)","decl":{"start":{"line":29,"column":17},"end":{"line":29,"column":18}},"loc":{"start":{"line":29,"column":36},"end":{"line":35,"column":1}},"line":29},"3":{"name":"(anonymous_3)","decl":{"start":{"line":40,"column":18},"end":{"line":40,"column":19}},"loc":{"start":{"line":40,"column":37},"end":{"line":43,"column":1}},"line":40},"4":{"name":"(anonymous_4)","decl":{"start":{"line":48,"column":18},"end":{"line":48,"column":19}},"loc":{"start":{"line":48,"column":37},"end":{"line":50,"column":1}},"line":48},"5":{"name":"(anonymous_5)","decl":{"start":{"line":57,"column":22},"end":{"line":57,"column":23}},"loc":{"start":{"line":57,"column":41},"end":{"line":74,"column":1}},"line":57},"6":{"name":"(anonymous_6)","decl":{"start":{"line":62,"column":10},"end":{"line":62,"column":11}},"loc":{"start":{"line":62,"column":30},"end":{"line":68,"column":5}},"line":62},"7":{"name":"(anonymous_7)","decl":{"start":{"line":79,"column":17},"end":{"line":79,"column":18}},"loc":{"start":{"line":79,"column":36},"end":{"line":108,"column":1}},"line":79},"8":{"name":"(anonymous_8)","decl":{"start":{"line":83,"column":12},"end":{"line":83,"column":13}},"loc":{"start":{"line":83,"column":39},"end":{"line":104,"column":5}},"line":83},"9":{"name":"(anonymous_9)","decl":{"start":{"line":89,"column":18},"end":{"line":89,"column":19}},"loc":{"start":{"line":89,"column":32},"end":{"line":100,"column":9}},"line":89},"10":{"name":"(anonymous_10)","decl":{"start":{"line":96,"column":26},"end":{"line":96,"column":27}},"loc":{"start":{"line":96,"column":40},"end":{"line":99,"column":11}},"line":96},"11":{"name":"(anonymous_11)","decl":{"start":{"line":113,"column":18},"end":{"line":113,"column":19}},"loc":{"start":{"line":113,"column":37},"end":{"line":126,"column":1}},"line":113},"12":{"name":"(anonymous_12)","decl":{"start":{"line":120,"column":10},"end":{"line":120,"column":11}},"loc":{"start":{"line":120,"column":30},"end":{"line":123,"column":5}},"line":120},"13":{"name":"(anonymous_13)","decl":{"start":{"line":128,"column":22},"end":{"line":128,"column":23}},"loc":{"start":{"line":128,"column":41},"end":{"line":153,"column":1}},"line":128},"14":{"name":"(anonymous_14)","decl":{"start":{"line":135,"column":12},"end":{"line":135,"column":13}},"loc":{"start":{"line":135,"column":32},"end":{"line":149,"column":7}},"line":135},"15":{"name":"(anonymous_15)","decl":{"start":{"line":158,"column":15},"end":{"line":158,"column":16}},"loc":{"start":{"line":158,"column":34},"end":{"line":165,"column":1}},"line":158},"16":{"name":"(anonymous_16)","decl":{"start":{"line":170,"column":13},"end":{"line":170,"column":14}},"loc":{"start":{"line":170,"column":32},"end":{"line":172,"column":1}},"line":170},"17":{"name":"(anonymous_17)","decl":{"start":{"line":177,"column":15},"end":{"line":177,"column":16}},"loc":{"start":{"line":177,"column":44},"end":{"line":188,"column":1}},"line":177},"18":{"name":"(anonymous_18)","decl":{"start":{"line":182,"column":10},"end":{"line":182,"column":11}},"loc":{"start":{"line":182,"column":30},"end":{"line":187,"column":5}},"line":182}},"branchMap":{"0":{"loc":{"start":{"line":19,"column":2},"end":{"line":23,"column":3}},"type":"if","locations":[{"start":{"line":19,"column":2},"end":{"line":23,"column":3}},{"start":{"line":19,"column":2},"end":{"line":23,"column":3}}],"line":19},"1":{"loc":{"start":{"line":30,"column":2},"end":{"line":34,"column":3}},"type":"if","locations":[{"start":{"line":30,"column":2},"end":{"line":34,"column":3}},{"start":{"line":30,"column":2},"end":{"line":34,"column":3}}],"line":30},"2":{"loc":{"start":{"line":58,"column":2},"end":{"line":72,"column":3}},"type":"if","locations":[{"start":{"line":58,"column":2},"end":{"line":72,"column":3}},{"start":{"line":58,"column":2},"end":{"line":72,"column":3}}],"line":58},"3":{"loc":{"start":{"line":58,"column":6},"end":{"line":58,"column":30}},"type":"binary-expr","locations":[{"start":{"line":58,"column":6},"end":{"line":58,"column":14}},{"start":{"line":58,"column":18},"end":{"line":58,"column":30}}],"line":58},"4":{"loc":{"start":{"line":63,"column":6},"end":{"line":67,"column":7}},"type":"if","locations":[{"start":{"line":63,"column":6},"end":{"line":67,"column":7}},{"start":{"line":63,"column":6},"end":{"line":67,"column":7}}],"line":63},"5":{"loc":{"start":{"line":80,"column":2},"end":{"line":107,"column":3}},"type":"if","locations":[{"start":{"line":80,"column":2},"end":{"line":107,"column":3}},{"start":{"line":80,"column":2},"end":{"line":107,"column":3}}],"line":80},"6":{"loc":{"start":{"line":80,"column":6},"end":{"line":80,"column":58}},"type":"binary-expr","locations":[{"start":{"line":80,"column":6},"end":{"line":80,"column":19}},{"start":{"line":80,"column":23},"end":{"line":80,"column":40}},{"start":{"line":80,"column":44},"end":{"line":80,"column":58}}],"line":80},"7":{"loc":{"start":{"line":84,"column":6},"end":{"line":103,"column":7}},"type":"if","locations":[{"start":{"line":84,"column":6},"end":{"line":103,"column":7}},{"start":{"line":84,"column":6},"end":{"line":103,"column":7}}],"line":84},"8":{"loc":{"start":{"line":90,"column":10},"end":{"line":95,"column":11}},"type":"if","locations":[{"start":{"line":90,"column":10},"end":{"line":95,"column":11}},{"start":{"line":90,"column":10},"end":{"line":95,"column":11}}],"line":90},"9":{"loc":{"start":{"line":97,"column":12},"end":{"line":97,"column":38}},"type":"if","locations":[{"start":{"line":97,"column":12},"end":{"line":97,"column":38}},{"start":{"line":97,"column":12},"end":{"line":97,"column":38}}],"line":97},"10":{"loc":{"start":{"line":115,"column":2},"end":{"line":124,"column":3}},"type":"if","locations":[{"start":{"line":115,"column":2},"end":{"line":124,"column":3}},{"start":{"line":115,"column":2},"end":{"line":124,"column":3}}],"line":115},"11":{"loc":{"start":{"line":115,"column":6},"end":{"line":116,"column":58}},"type":"binary-expr","locations":[{"start":{"line":115,"column":6},"end":{"line":115,"column":14}},{"start":{"line":115,"column":18},"end":{"line":115,"column":30}},{"start":{"line":115,"column":34},"end":{"line":115,"column":63}},{"start":{"line":116,"column":4},"end":{"line":116,"column":30}},{"start":{"line":116,"column":34},"end":{"line":116,"column":58}}],"line":115},"12":{"loc":{"start":{"line":129,"column":2},"end":{"line":151,"column":3}},"type":"if","locations":[{"start":{"line":129,"column":2},"end":{"line":151,"column":3}},{"start":{"line":129,"column":2},"end":{"line":151,"column":3}}],"line":129},"13":{"loc":{"start":{"line":129,"column":6},"end":{"line":129,"column":42}},"type":"binary-expr","locations":[{"start":{"line":129,"column":6},"end":{"line":129,"column":14}},{"start":{"line":129,"column":18},"end":{"line":129,"column":26}},{"start":{"line":129,"column":30},"end":{"line":129,"column":42}}],"line":129},"14":{"loc":{"start":{"line":131,"column":4},"end":{"line":150,"column":5}},"type":"if","locations":[{"start":{"line":131,"column":4},"end":{"line":150,"column":5}},{"start":{"line":131,"column":4},"end":{"line":150,"column":5}}],"line":131},"15":{"loc":{"start":{"line":131,"column":8},"end":{"line":131,"column":80}},"type":"binary-expr","locations":[{"start":{"line":131,"column":8},"end":{"line":131,"column":23}},{"start":{"line":131,"column":27},"end":{"line":131,"column":57}},{"start":{"line":131,"column":61},"end":{"line":131,"column":80}}],"line":131},"16":{"loc":{"start":{"line":139,"column":10},"end":{"line":141,"column":11}},"type":"if","locations":[{"start":{"line":139,"column":10},"end":{"line":141,"column":11}},{"start":{"line":139,"column":10},"end":{"line":141,"column":11}}],"line":139},"17":{"loc":{"start":{"line":143,"column":8},"end":{"line":148,"column":9}},"type":"if","locations":[{"start":{"line":143,"column":8},"end":{"line":148,"column":9}},{"start":{"line":143,"column":8},"end":{"line":148,"column":9}}],"line":143},"18":{"loc":{"start":{"line":171,"column":12},"end":{"line":171,"column":28}},"type":"binary-expr","locations":[{"start":{"line":171,"column":12},"end":{"line":171,"column":20}},{"start":{"line":171,"column":24},"end":{"line":171,"column":28}}],"line":171},"19":{"loc":{"start":{"line":183,"column":6},"end":{"line":183,"column":32}},"type":"if","locations":[{"start":{"line":183,"column":6},"end":{"line":183,"column":32}},{"start":{"line":183,"column":6},"end":{"line":183,"column":32}}],"line":183},"20":{"loc":{"start":{"line":184,"column":6},"end":{"line":184,"column":69}},"type":"if","locations":[{"start":{"line":184,"column":6},"end":{"line":184,"column":69}},{"start":{"line":184,"column":6},"end":{"line":184,"column":69}}],"line":184}},"s":{"0":1,"1":1,"2":1,"3":1,"4":0,"5":1,"6":0,"7":0,"8":0,"9":1,"10":0,"11":0,"12":0,"13":1,"14":0,"15":0,"16":1,"17":0,"18":1,"19":0,"20":0,"21":0,"22":0,"23":0,"24":0,"25":1,"26":0,"27":0,"28":0,"29":0,"30":0,"31":0,"32":0,"33":0,"34":0,"35":0,"36":0,"37":0,"38":0,"39":0,"40":0,"41":1,"42":0,"43":0,"44":0,"45":0,"46":0,"47":1,"48":0,"49":0,"50":0,"51":0,"52":0,"53":0,"54":0,"55":0,"56":0,"57":0,"58":0,"59":0,"60":0,"61":0,"62":1,"63":0,"64":0,"65":1,"66":0,"67":1,"68":0,"69":0,"70":0,"71":0,"72":0,"73":0,"74":0},"f":{"0":0,"1":0,"2":0,"3":0,"4":0,"5":0,"6":0,"7":0,"8":0,"9":0,"10":0,"11":0,"12":0,"13":0,"14":0,"15":0,"16":0,"17":0,"18":0},"b":{"0":[0,0],"1":[0,0],"2":[0,0],"3":[0,0],"4":[0,0],"5":[0,0],"6":[0,0,0],"7":[0,0],"8":[0,0],"9":[0,0],"10":[0,0],"11":[0,0,0,0,0],"12":[0,0],"13":[0,0,0],"14":[0,0],"15":[0,0,0],"16":[0,0],"17":[0,0],"18":[0,0],"19":[0,0],"20":[0,0]},"_coverageSchema":"43e27e138ebf9cfc5966b082cf9a028302ed4184","hash":"53ae36a9b467c235d042ba7c80d50b00a2f02be0"}
,"C:\\Users\\mnayebare\\Desktop\\Andela-slf\\docs\\cardsforhumanity\\app\\models\\answer.js": {"path":"C:\\Users\\mnayebare\\Desktop\\Andela-slf\\docs\\cardsforhumanity\\app\\models\\answer.js","statementMap":{"0":{"start":{"line":4,"column":15},"end":{"line":4,"column":34}},"1":{"start":{"line":5,"column":13},"end":{"line":5,"column":43}},"2":{"start":{"line":6,"column":13},"end":{"line":6,"column":28}},"3":{"start":{"line":11,"column":19},"end":{"line":28,"column":2}},"4":{"start":{"line":33,"column":0},"end":{"line":39,"column":2}},"5":{"start":{"line":35,"column":8},"end":{"line":37,"column":35}},"6":{"start":{"line":41,"column":0},"end":{"line":41,"column":39}}},"fnMap":{"0":{"name":"(anonymous_0)","decl":{"start":{"line":34,"column":10},"end":{"line":34,"column":11}},"loc":{"start":{"line":34,"column":27},"end":{"line":38,"column":5}},"line":34}},"branchMap":{},"s":{"0":1,"1":1,"2":1,"3":1,"4":1,"5":0,"6":1},"f":{"0":0},"b":{},"_coverageSchema":"43e27e138ebf9cfc5966b082cf9a028302ed4184","hash":"98179c814e913129242bdc8c95448c3a291a0829"}
,"C:\\Users\\mnayebare\\Desktop\\Andela-slf\\docs\\cardsforhumanity\\app\\models\\article.js": {"path":"C:\\Users\\mnayebare\\Desktop\\Andela-slf\\docs\\cardsforhumanity\\app\\models\\article.js","statementMap":{"0":{"start":{"line":4,"column":15},"end":{"line":4,"column":34}},"1":{"start":{"line":5,"column":13},"end":{"line":5,"column":43}},"2":{"start":{"line":6,"column":13},"end":{"line":6,"column":28}},"3":{"start":{"line":11,"column":20},"end":{"line":28,"column":2}},"4":{"start":{"line":33,"column":0},"end":{"line":39,"column":2}},"5":{"start":{"line":35,"column":8},"end":{"line":37,"column":35}},"6":{"start":{"line":41,"column":0},"end":{"line":41,"column":41}}},"fnMap":{"0":{"name":"(anonymous_0)","decl":{"start":{"line":34,"column":10},"end":{"line":34,"column":11}},"loc":{"start":{"line":34,"column":27},"end":{"line":38,"column":5}},"line":34}},"branchMap":{},"s":{"0":1,"1":1,"2":1,"3":1,"4":1,"5":0,"6":1},"f":{"0":0},"b":{},"_coverageSchema":"43e27e138ebf9cfc5966b082cf9a028302ed4184","hash":"f47c0f03b4bc256230f921bb523c1109fe088d37"}
,"C:\\Users\\mnayebare\\Desktop\\Andela-slf\\docs\\cardsforhumanity\\app\\models\\question.js": {"path":"C:\\Users\\mnayebare\\Desktop\\Andela-slf\\docs\\cardsforhumanity\\app\\models\\question.js","statementMap":{"0":{"start":{"line":4,"column":15},"end":{"line":4,"column":34}},"1":{"start":{"line":5,"column":13},"end":{"line":5,"column":43}},"2":{"start":{"line":6,"column":13},"end":{"line":6,"column":28}},"3":{"start":{"line":12,"column":21},"end":{"line":32,"column":2}},"4":{"start":{"line":37,"column":0},"end":{"line":43,"column":2}},"5":{"start":{"line":39,"column":8},"end":{"line":41,"column":35}},"6":{"start":{"line":45,"column":0},"end":{"line":45,"column":43}}},"fnMap":{"0":{"name":"(anonymous_0)","decl":{"start":{"line":38,"column":10},"end":{"line":38,"column":11}},"loc":{"start":{"line":38,"column":27},"end":{"line":42,"column":5}},"line":38}},"branchMap":{},"s":{"0":1,"1":1,"2":1,"3":1,"4":1,"5":0,"6":1},"f":{"0":0},"b":{},"_coverageSchema":"43e27e138ebf9cfc5966b082cf9a028302ed4184","hash":"08f9625ec4f8c84b2e8a23804d8f9b5751b7e747"}
,"C:\\Users\\mnayebare\\Desktop\\Andela-slf\\docs\\cardsforhumanity\\app\\models\\user.js": {"path":"C:\\Users\\mnayebare\\Desktop\\Andela-slf\\docs\\cardsforhumanity\\app\\models\\user.js","statementMap":{"0":{"start":{"line":4,"column":15},"end":{"line":4,"column":34}},"1":{"start":{"line":5,"column":13},"end":{"line":5,"column":28}},"2":{"start":{"line":6,"column":13},"end":{"line":6,"column":32}},"3":{"start":{"line":7,"column":8},"end":{"line":7,"column":29}},"4":{"start":{"line":8,"column":16},"end":{"line":8,"column":59}},"5":{"start":{"line":14,"column":17},"end":{"line":27,"column":2}},"6":{"start":{"line":33,"column":0},"end":{"line":38,"column":3}},"7":{"start":{"line":34,"column":4},"end":{"line":34,"column":30}},"8":{"start":{"line":35,"column":4},"end":{"line":35,"column":58}},"9":{"start":{"line":37,"column":4},"end":{"line":37,"column":26}},"10":{"start":{"line":43,"column":25},"end":{"line":45,"column":1}},"11":{"start":{"line":44,"column":4},"end":{"line":44,"column":33}},"12":{"start":{"line":48,"column":0},"end":{"line":52,"column":27}},"13":{"start":{"line":50,"column":4},"end":{"line":50,"column":61}},"14":{"start":{"line":50,"column":49},"end":{"line":50,"column":61}},"15":{"start":{"line":51,"column":4},"end":{"line":51,"column":23}},"16":{"start":{"line":54,"column":0},"end":{"line":58,"column":28}},"17":{"start":{"line":56,"column":4},"end":{"line":56,"column":61}},"18":{"start":{"line":56,"column":49},"end":{"line":56,"column":61}},"19":{"start":{"line":57,"column":4},"end":{"line":57,"column":24}},"20":{"start":{"line":60,"column":0},"end":{"line":64,"column":31}},"21":{"start":{"line":62,"column":4},"end":{"line":62,"column":61}},"22":{"start":{"line":62,"column":49},"end":{"line":62,"column":61}},"23":{"start":{"line":63,"column":4},"end":{"line":63,"column":27}},"24":{"start":{"line":66,"column":0},"end":{"line":70,"column":31}},"25":{"start":{"line":68,"column":4},"end":{"line":68,"column":61}},"26":{"start":{"line":68,"column":49},"end":{"line":68,"column":61}},"27":{"start":{"line":69,"column":4},"end":{"line":69,"column":34}},"28":{"start":{"line":73,"column":0},"end":{"line":80,"column":36}},"29":{"start":{"line":79,"column":3},"end":{"line":79,"column":34}},"30":{"start":{"line":86,"column":0},"end":{"line":93,"column":3}},"31":{"start":{"line":87,"column":4},"end":{"line":87,"column":35}},"32":{"start":{"line":87,"column":21},"end":{"line":87,"column":35}},"33":{"start":{"line":89,"column":4},"end":{"line":92,"column":15}},"34":{"start":{"line":90,"column":8},"end":{"line":90,"column":44}},"35":{"start":{"line":92,"column":8},"end":{"line":92,"column":15}},"36":{"start":{"line":98,"column":0},"end":{"line":124,"column":2}},"37":{"start":{"line":107,"column":8},"end":{"line":109,"column":9}},"38":{"start":{"line":108,"column":12},"end":{"line":108,"column":25}},"39":{"start":{"line":110,"column":8},"end":{"line":110,"column":66}},"40":{"start":{"line":121,"column":8},"end":{"line":121,"column":33}},"41":{"start":{"line":121,"column":23},"end":{"line":121,"column":33}},"42":{"start":{"line":122,"column":8},"end":{"line":122,"column":65}},"43":{"start":{"line":126,"column":0},"end":{"line":126,"column":35}}},"fnMap":{"0":{"name":"(anonymous_0)","decl":{"start":{"line":33,"column":35},"end":{"line":33,"column":36}},"loc":{"start":{"line":33,"column":54},"end":{"line":36,"column":1}},"line":33},"1":{"name":"(anonymous_1)","decl":{"start":{"line":36,"column":7},"end":{"line":36,"column":8}},"loc":{"start":{"line":36,"column":18},"end":{"line":38,"column":1}},"line":36},"2":{"name":"(anonymous_2)","decl":{"start":{"line":43,"column":25},"end":{"line":43,"column":26}},"loc":{"start":{"line":43,"column":41},"end":{"line":45,"column":1}},"line":43},"3":{"name":"(anonymous_3)","decl":{"start":{"line":48,"column":33},"end":{"line":48,"column":34}},"loc":{"start":{"line":48,"column":48},"end":{"line":52,"column":1}},"line":48},"4":{"name":"(anonymous_4)","decl":{"start":{"line":54,"column":34},"end":{"line":54,"column":35}},"loc":{"start":{"line":54,"column":50},"end":{"line":58,"column":1}},"line":54},"5":{"name":"(anonymous_5)","decl":{"start":{"line":60,"column":37},"end":{"line":60,"column":38}},"loc":{"start":{"line":60,"column":56},"end":{"line":64,"column":1}},"line":60},"6":{"name":"(anonymous_6)","decl":{"start":{"line":66,"column":44},"end":{"line":66,"column":45}},"loc":{"start":{"line":66,"column":70},"end":{"line":70,"column":1}},"line":66},"7":{"name":"(anonymous_7)","decl":{"start":{"line":73,"column":34},"end":{"line":73,"column":35}},"loc":{"start":{"line":73,"column":51},"end":{"line":80,"column":1}},"line":73},"8":{"name":"(anonymous_8)","decl":{"start":{"line":86,"column":23},"end":{"line":86,"column":24}},"loc":{"start":{"line":86,"column":38},"end":{"line":93,"column":1}},"line":86},"9":{"name":"(anonymous_9)","decl":{"start":{"line":106,"column":18},"end":{"line":106,"column":19}},"loc":{"start":{"line":106,"column":38},"end":{"line":111,"column":5}},"line":106},"10":{"name":"(anonymous_10)","decl":{"start":{"line":120,"column":21},"end":{"line":120,"column":22}},"loc":{"start":{"line":120,"column":40},"end":{"line":123,"column":5}},"line":120}},"branchMap":{"0":{"loc":{"start":{"line":44,"column":11},"end":{"line":44,"column":32}},"type":"binary-expr","locations":[{"start":{"line":44,"column":11},"end":{"line":44,"column":16}},{"start":{"line":44,"column":20},"end":{"line":44,"column":32}}],"line":44},"1":{"loc":{"start":{"line":50,"column":4},"end":{"line":50,"column":61}},"type":"if","locations":[{"start":{"line":50,"column":4},"end":{"line":50,"column":61}},{"start":{"line":50,"column":4},"end":{"line":50,"column":61}}],"line":50},"2":{"loc":{"start":{"line":56,"column":4},"end":{"line":56,"column":61}},"type":"if","locations":[{"start":{"line":56,"column":4},"end":{"line":56,"column":61}},{"start":{"line":56,"column":4},"end":{"line":56,"column":61}}],"line":56},"3":{"loc":{"start":{"line":62,"column":4},"end":{"line":62,"column":61}},"type":"if","locations":[{"start":{"line":62,"column":4},"end":{"line":62,"column":61}},{"start":{"line":62,"column":4},"end":{"line":62,"column":61}}],"line":62},"4":{"loc":{"start":{"line":68,"column":4},"end":{"line":68,"column":61}},"type":"if","locations":[{"start":{"line":68,"column":4},"end":{"line":68,"column":61}},{"start":{"line":68,"column":4},"end":{"line":68,"column":61}}],"line":68},"5":{"loc":{"start":{"line":87,"column":4},"end":{"line":87,"column":35}},"type":"if","locations":[{"start":{"line":87,"column":4},"end":{"line":87,"column":35}},{"start":{"line":87,"column":4},"end":{"line":87,"column":35}}],"line":87},"6":{"loc":{"start":{"line":89,"column":4},"end":{"line":92,"column":15}},"type":"if","locations":[{"start":{"line":89,"column":4},"end":{"line":92,"column":15}},{"start":{"line":89,"column":4},"end":{"line":92,"column":15}}],"line":89},"7":{"loc":{"start":{"line":89,"column":8},"end":{"line":89,"column":85}},"type":"binary-expr","locations":[{"start":{"line":89,"column":8},"end":{"line":89,"column":42}},{"start":{"line":89,"column":46},"end":{"line":89,"column":85}}],"line":89},"8":{"loc":{"start":{"line":107,"column":8},"end":{"line":109,"column":9}},"type":"if","locations":[{"start":{"line":107,"column":8},"end":{"line":109,"column":9}},{"start":{"line":107,"column":8},"end":{"line":109,"column":9}}],"line":107},"9":{"loc":{"start":{"line":107,"column":12},"end":{"line":107,"column":47}},"type":"binary-expr","locations":[{"start":{"line":107,"column":12},"end":{"line":107,"column":22}},{"start":{"line":107,"column":26},"end":{"line":107,"column":47}}],"line":107},"10":{"loc":{"start":{"line":121,"column":8},"end":{"line":121,"column":33}},"type":"if","locations":[{"start":{"line":121,"column":8},"end":{"line":121,"column":33}},{"start":{"line":121,"column":8},"end":{"line":121,"column":33}}],"line":121}},"s":{"0":1,"1":1,"2":1,"3":1,"4":1,"5":1,"6":1,"7":2,"8":2,"9":1,"10":1,"11":1,"12":1,"13":2,"14":0,"15":2,"16":1,"17":2,"18":0,"19":2,"20":1,"21":2,"22":0,"23":2,"24":1,"25":2,"26":0,"27":2,"28":1,"29":2,"30":1,"31":1,"32":0,"33":1,"34":0,"35":1,"36":1,"37":0,"38":0,"39":0,"40":2,"41":0,"42":2,"43":1},"f":{"0":2,"1":1,"2":1,"3":2,"4":2,"5":2,"6":2,"7":2,"8":1,"9":0,"10":2},"b":{"0":[1,1],"1":[0,2],"2":[0,2],"3":[0,2],"4":[0,2],"5":[0,1],"6":[0,1],"7":[1,0],"8":[0,0],"9":[0,0],"10":[0,2]},"_coverageSchema":"43e27e138ebf9cfc5966b082cf9a028302ed4184","hash":"ffb6bd6ba37b171b1b27764724e13e920dc252be"}
}
