TN:
SF:C:\Users\mnayebare\Desktop\Andela-slf\docs\cardsforhumanity\app\controllers\answers.js
FN:13,(anonymous_0)
FN:14,(anonymous_1)
FN:25,(anonymous_2)
FN:32,(anonymous_3)
FN:33,(anonymous_4)
FN:47,(anonymous_5)
FN:48,(anonymous_6)
FNF:7
FNH:0
FNDA:0,(anonymous_0)
FNDA:0,(anonymous_1)
FNDA:0,(anonymous_2)
FNDA:0,(anonymous_3)
FNDA:0,(anonymous_4)
FNDA:0,(anonymous_5)
FNDA:0,(anonymous_6)
DA:4,1
DA:5,1
DA:6,1
DA:7,1
DA:13,1
DA:14,0
DA:15,0
DA:16,0
DA:17,0
DA:18,0
DA:25,1
DA:26,0
DA:32,1
DA:33,0
DA:34,0
DA:35,0
DA:39,0
DA:47,1
DA:48,0
DA:49,0
DA:50,0
DA:52,0
LF:22
LH:8
BRDA:15,0,0,0
BRDA:15,0,1,0
BRDA:16,1,0,0
BRDA:16,1,1,0
BRDA:34,2,0,0
BRDA:34,2,1,0
BRDA:49,3,0,0
BRDA:49,3,1,0
BRF:8
BRH:0
end_of_record
TN:
SF:C:\Users\mnayebare\Desktop\Andela-slf\docs\cardsforhumanity\app\controllers\avatars.js
FN:21,(anonymous_0)
FN:27,(anonymous_1)
FNF:2
FNH:1
FNDA:0,(anonymous_0)
FNDA:2,(anonymous_1)
DA:4,1
DA:21,1
DA:24,0
DA:27,1
DA:28,2
LF:5
LH:4
BRF:0
BRH:0
end_of_record
TN:
SF:C:\Users\mnayebare\Desktop\Andela-slf\docs\cardsforhumanity\app\controllers\index.js
FN:11,(anonymous_0)
FN:19,(anonymous_1)
FNF:2
FNH:0
FNDA:0,(anonymous_0)
FNDA:0,(anonymous_1)
DA:4,1
DA:5,1
DA:6,1
DA:11,1
DA:12,0
DA:13,0
DA:15,0
DA:19,1
DA:20,0
LF:9
LH:5
BRDA:12,0,0,0
BRDA:12,0,1,0
BRDA:21,1,0,0
BRDA:21,1,1,0
BRF:4
BRH:0
end_of_record
TN:
SF:C:\Users\mnayebare\Desktop\Andela-slf\docs\cardsforhumanity\app\controllers\questions.js
FN:13,(anonymous_0)
FN:14,(anonymous_1)
FN:25,(anonymous_2)
FN:32,(anonymous_3)
FN:33,(anonymous_4)
FN:47,(anonymous_5)
FN:48,(anonymous_6)
FNF:7
FNH:0
FNDA:0,(anonymous_0)
FNDA:0,(anonymous_1)
FNDA:0,(anonymous_2)
FNDA:0,(anonymous_3)
FNDA:0,(anonymous_4)
FNDA:0,(anonymous_5)
FNDA:0,(anonymous_6)
DA:4,1
DA:5,1
DA:6,1
DA:7,1
DA:13,1
DA:14,0
DA:15,0
DA:16,0
DA:17,0
DA:18,0
DA:25,1
DA:26,0
DA:32,1
DA:33,0
DA:34,0
DA:35,0
DA:39,0
DA:47,1
DA:48,0
DA:49,0
DA:50,0
DA:52,0
LF:22
LH:8
BRDA:15,0,0,0
BRDA:15,0,1,0
BRDA:16,1,0,0
BRDA:16,1,1,0
BRDA:34,2,0,0
BRDA:34,2,1,0
BRDA:49,3,0,0
BRDA:49,3,1,0
BRF:8
BRH:0
end_of_record
TN:
SF:C:\Users\mnayebare\Desktop\Andela-slf\docs\cardsforhumanity\app\controllers\users.js
FN:11,(anonymous_0)
FN:18,(anonymous_1)
FN:29,(anonymous_2)
FN:40,(anonymous_3)
FN:48,(anonymous_4)
FN:57,(anonymous_5)
FN:62,(anonymous_6)
FN:79,(anonymous_7)
FN:83,(anonymous_8)
FN:89,(anonymous_9)
FN:96,(anonymous_10)
FN:113,(anonymous_11)
FN:120,(anonymous_12)
FN:128,(anonymous_13)
FN:135,(anonymous_14)
FN:158,(anonymous_15)
FN:170,(anonymous_16)
FN:177,(anonymous_17)
FN:182,(anonymous_18)
FNF:19
FNH:0
FNDA:0,(anonymous_0)
FNDA:0,(anonymous_1)
FNDA:0,(anonymous_2)
FNDA:0,(anonymous_3)
FNDA:0,(anonymous_4)
FNDA:0,(anonymous_5)
FNDA:0,(anonymous_6)
FNDA:0,(anonymous_7)
FNDA:0,(anonymous_8)
FNDA:0,(anonymous_9)
FNDA:0,(anonymous_10)
FNDA:0,(anonymous_11)
FNDA:0,(anonymous_12)
FNDA:0,(anonymous_13)
FNDA:0,(anonymous_14)
FNDA:0,(anonymous_15)
FNDA:0,(anonymous_16)
FNDA:0,(anonymous_17)
FNDA:0,(anonymous_18)
DA:4,1
DA:5,1
DA:6,1
DA:11,1
DA:12,0
DA:18,1
DA:19,0
DA:20,0
DA:22,0
DA:29,1
DA:30,0
DA:31,0
DA:33,0
DA:40,1
DA:41,0
DA:42,0
DA:48,1
DA:49,0
DA:57,1
DA:58,0
DA:59,0
DA:63,0
DA:64,0
DA:66,0
DA:71,0
DA:79,1
DA:80,0
DA:81,0
DA:84,0
DA:85,0
DA:87,0
DA:88,0
DA:89,0
DA:90,0
DA:91,0
DA:96,0
DA:97,0
DA:98,0
DA:102,0
DA:106,0
DA:113,1
DA:115,0
DA:117,0
DA:121,0
DA:122,0
DA:125,0
DA:128,1
DA:129,0
DA:131,0
DA:132,0
DA:137,0
DA:138,0
DA:139,0
DA:140,0
DA:143,0
DA:144,0
DA:145,0
DA:146,0
DA:147,0
DA:152,0
DA:158,1
DA:159,0
DA:161,0
DA:170,1
DA:171,0
DA:177,1
DA:178,0
DA:183,0
DA:184,0
DA:185,0
DA:186,0
LF:71
LH:15
BRDA:19,0,0,0
BRDA:19,0,1,0
BRDA:30,1,0,0
BRDA:30,1,1,0
BRDA:58,2,0,0
BRDA:58,2,1,0
BRDA:58,3,0,0
BRDA:58,3,1,0
BRDA:63,4,0,0
BRDA:63,4,1,0
BRDA:80,5,0,0
BRDA:80,5,1,0
BRDA:80,6,0,0
BRDA:80,6,1,0
BRDA:80,6,2,0
BRDA:84,7,0,0
BRDA:84,7,1,0
BRDA:90,8,0,0
BRDA:90,8,1,0
BRDA:97,9,0,0
BRDA:97,9,1,0
BRDA:115,10,0,0
BRDA:115,10,1,0
BRDA:115,11,0,0
BRDA:115,11,1,0
BRDA:115,11,2,0
BRDA:115,11,3,0
BRDA:115,11,4,0
BRDA:129,12,0,0
BRDA:129,12,1,0
BRDA:129,13,0,0
BRDA:129,13,1,0
BRDA:129,13,2,0
BRDA:131,14,0,0
BRDA:131,14,1,0
BRDA:131,15,0,0
BRDA:131,15,1,0
BRDA:131,15,2,0
BRDA:139,16,0,0
BRDA:139,16,1,0
BRDA:143,17,0,0
BRDA:143,17,1,0
BRDA:171,18,0,0
BRDA:171,18,1,0
BRDA:183,19,0,0
BRDA:183,19,1,0
BRDA:184,20,0,0
BRDA:184,20,1,0
BRF:48
BRH:0
end_of_record
TN:
SF:C:\Users\mnayebare\Desktop\Andela-slf\docs\cardsforhumanity\app\models\answer.js
FN:34,(anonymous_0)
FNF:1
FNH:0
FNDA:0,(anonymous_0)
DA:4,1
DA:5,1
DA:6,1
DA:11,1
DA:33,1
DA:35,0
DA:41,1
LF:7
LH:6
BRF:0
BRH:0
end_of_record
TN:
SF:C:\Users\mnayebare\Desktop\Andela-slf\docs\cardsforhumanity\app\models\article.js
FN:34,(anonymous_0)
FNF:1
FNH:0
FNDA:0,(anonymous_0)
DA:4,1
DA:5,1
DA:6,1
DA:11,1
DA:33,1
DA:35,0
DA:41,1
LF:7
LH:6
BRF:0
BRH:0
end_of_record
TN:
SF:C:\Users\mnayebare\Desktop\Andela-slf\docs\cardsforhumanity\app\models\question.js
FN:38,(anonymous_0)
FNF:1
FNH:0
FNDA:0,(anonymous_0)
DA:4,1
DA:5,1
DA:6,1
DA:12,1
DA:37,1
DA:39,0
DA:45,1
LF:7
LH:6
BRF:0
BRH:0
end_of_record
TN:
SF:C:\Users\mnayebare\Desktop\Andela-slf\docs\cardsforhumanity\app\models\user.js
FN:33,(anonymous_0)
FN:36,(anonymous_1)
FN:43,(anonymous_2)
FN:48,(anonymous_3)
FN:54,(anonymous_4)
FN:60,(anonymous_5)
FN:66,(anonymous_6)
FN:73,(anonymous_7)
FN:86,(anonymous_8)
FN:106,(anonymous_9)
FN:120,(anonymous_10)
FNF:11
FNH:2
FNDA:2,(anonymous_0)
FNDA:0,(anonymous_1)
FNDA:0,(anonymous_2)
FNDA:0,(anonymous_3)
FNDA:0,(anonymous_4)
FNDA:0,(anonymous_5)
FNDA:0,(anonymous_6)
FNDA:0,(anonymous_7)
FNDA:0,(anonymous_8)
FNDA:0,(anonymous_9)
FNDA:2,(anonymous_10)
DA:4,1
DA:5,1
DA:6,1
DA:7,1
DA:8,1
DA:14,1
DA:33,1
DA:34,2
DA:35,2
DA:37,0
DA:43,1
DA:44,0
DA:48,1
DA:50,0
DA:51,0
DA:54,1
DA:56,0
DA:57,0
DA:60,1
DA:62,0
DA:63,0
DA:66,1
DA:68,0
DA:69,0
DA:73,1
DA:79,0
DA:86,1
DA:87,0
DA:89,0
DA:90,0
DA:92,0
DA:98,1
DA:107,0
DA:108,0
DA:110,0
DA:121,2
DA:122,2
DA:126,1
LF:38
LH:20
BRDA:44,0,0,0
BRDA:44,0,1,0
BRDA:50,1,0,0
BRDA:50,1,1,0
BRDA:56,2,0,0
BRDA:56,2,1,0
BRDA:62,3,0,0
BRDA:62,3,1,0
BRDA:68,4,0,0
BRDA:68,4,1,0
BRDA:87,5,0,0
BRDA:87,5,1,0
BRDA:89,6,0,0
BRDA:89,6,1,0
BRDA:89,7,0,0
BRDA:89,7,1,0
BRDA:107,8,0,0
BRDA:107,8,1,0
BRDA:107,9,0,0
BRDA:107,9,1,0
BRDA:121,10,0,0
BRDA:121,10,1,2
BRF:22
BRH:1
end_of_record
